<?xml version="1.0" encoding="UTF-8"?>
<!-- Generated by org.testng.reporters.JUnitXMLReporter -->
<testsuite ignored="2" hostname="DESKTOP-9VL2DDV" failures="0" tests="2" name="Test" time="131.727" errors="0" timestamp="2024-03-12T11:05:53 IST">
  <testcase classname="ContactsTests.CreateNewContactsTest" name="CreateContact" time="31.462"/>
  <testcase classname="LeadsTests.CreateNewLeadTests" name="CreateLead" time="34.494"/>
  <testcase classname="genericUtilities.BaseClass" name="@BeforeSuite bsconfig" time="0.0">
    <ignored/>
  </testcase> <!-- @BeforeSuite bsconfig -->
  <testcase classname="genericUtilities.BaseClass" name="@AfterSuite asconfig" time="0.0">
    <ignored/>
  </testcase> <!-- @AfterSuite asconfig -->
</testsuite> <!-- Test -->
